<?xml version="1.0" encoding="UTF-8"?>
<!-- Generated by org.testng.reporters.JUnitReportReporter -->
<testsuite skipped="0" hostname="INHYDLDSINGH" name="test.VRDriver_Class" tests="1" failures="0" timestamp="01 Jul 2019 09:47:52 GMT" time="119.928" errors="0">
  <testcase name="login" time="119.928" classname="test.VRDriver_Class"/>
</testsuite> <!-- test.VRDriver_Class -->
