<?xml version="1.0" encoding="UTF-8"?>
<!-- Generated by org.testng.reporters.JUnitReportReporter -->
<testsuite skipped="0" hostname="INHYDLDSINGH" name="test.PTTDriverClass" tests="1" failures="0" timestamp="29 Oct 2020 12:57:34 GMT" time="78.090" errors="0">
  <testcase name="submit_ImportJourney" time="78.090" classname="test.PTTDriverClass"/>
</testsuite> <!-- test.PTTDriverClass -->
