<?xml version="1.0" encoding="UTF-8"?>
<!-- Generated by org.testng.reporters.JUnitReportReporter -->
<testsuite skipped="0" hostname="INHYDLDSINGH" name="test.LoginDriver_Class" tests="1" failures="0" timestamp="29 Jun 2019 17:56:30 GMT" time="37.128" errors="0">
  <testcase name="login" time="37.128" classname="test.LoginDriver_Class"/>
</testsuite> <!-- test.LoginDriver_Class -->
